<?xml version="1.0" encoding="UTF-8"?>
<!-- Generated by org.testng.reporters.JUnitXMLReporter -->
<testsuite ignored="0" hostname="SHIVA" failures="4" tests="4" name="Default test" time="35.23" errors="0" timestamp="2024-10-18T00:25:32 IST">
  <testcase classname="io.cucumber.testng.AbstractTestNGCucumberTests" name="runScenario" time="8.347">
    <failure type="java.lang.AssertionError" message="expected [Dashboard / nopCommerce administration] but found [Just a moment...]">
      <![CDATA[java.lang.AssertionError: expected [Dashboard / nopCommerce administration] but found [Just a moment...]
at org.testng.Assert.fail(Assert.java:99)
at org.testng.Assert.failNotEquals(Assert.java:1037)
at org.testng.Assert.assertEqualsImpl(Assert.java:140)
at org.testng.Assert.assertEquals(Assert.java:122)
at org.testng.Assert.assertEquals(Assert.java:629)
at org.testng.Assert.assertEquals(Assert.java:639)
at com.stepDef.LoginStep.page_title_should_be(LoginStep.java:41)
at ✽.Page title should be "Dashboard / nopCommerce administration"(file:///C:/Users/letsm/git/ShivaLocalRepo/TestNGWithBDDCucumberFramework-master/src/test/resources/features/Customers.feature:9)
]]>
    </failure>
  </testcase> <!-- runScenario -->
  <testcase classname="io.cucumber.testng.AbstractTestNGCucumberTests" name="runScenario" time="5.983">
    <failure type="java.lang.AssertionError" message="expected [Dashboard / nopCommerce administration] but found [Just a moment...]">
      <![CDATA[java.lang.AssertionError: expected [Dashboard / nopCommerce administration] but found [Just a moment...]
at org.testng.Assert.fail(Assert.java:99)
at org.testng.Assert.failNotEquals(Assert.java:1037)
at org.testng.Assert.assertEqualsImpl(Assert.java:140)
at org.testng.Assert.assertEquals(Assert.java:122)
at org.testng.Assert.assertEquals(Assert.java:629)
at org.testng.Assert.assertEquals(Assert.java:639)
at com.stepDef.LoginStep.page_title_should_be(LoginStep.java:41)
at ✽.Page title should be "Dashboard / nopCommerce administration"(file:///C:/Users/letsm/git/ShivaLocalRepo/TestNGWithBDDCucumberFramework-master/src/test/resources/features/Login.feature:14)
]]>
    </failure>
  </testcase> <!-- runScenario -->
  <testcase classname="io.cucumber.testng.AbstractTestNGCucumberTests" name="runScenario" time="7.101">
    <failure type="java.lang.AssertionError" message="expected [Dashboard / nopCommerce administration] but found [Just a moment...]">
      <![CDATA[java.lang.AssertionError: expected [Dashboard / nopCommerce administration] but found [Just a moment...]
at org.testng.Assert.fail(Assert.java:99)
at org.testng.Assert.failNotEquals(Assert.java:1037)
at org.testng.Assert.assertEqualsImpl(Assert.java:140)
at org.testng.Assert.assertEquals(Assert.java:122)
at org.testng.Assert.assertEquals(Assert.java:629)
at org.testng.Assert.assertEquals(Assert.java:639)
at com.stepDef.LoginStep.page_title_should_be(LoginStep.java:41)
at ✽.Page title should be "Dashboard / nopCommerce administration"(file:///C:/Users/letsm/git/ShivaLocalRepo/TestNGWithBDDCucumberFramework-master/src/test/resources/features/Login.feature:28)
]]>
    </failure>
  </testcase> <!-- runScenario -->
  <testcase classname="io.cucumber.testng.AbstractTestNGCucumberTests" name="runScenario" time="6.06">
    <failure type="java.lang.AssertionError" message="expected [Dashboard / nopCommerce administration] but found [Just a moment...]">
      <![CDATA[java.lang.AssertionError: expected [Dashboard / nopCommerce administration] but found [Just a moment...]
at org.testng.Assert.fail(Assert.java:99)
at org.testng.Assert.failNotEquals(Assert.java:1037)
at org.testng.Assert.assertEqualsImpl(Assert.java:140)
at org.testng.Assert.assertEquals(Assert.java:122)
at org.testng.Assert.assertEquals(Assert.java:629)
at org.testng.Assert.assertEquals(Assert.java:639)
at com.stepDef.LoginStep.page_title_should_be(LoginStep.java:41)
at ✽.Page title should be "Dashboard / nopCommerce administration"(file:///C:/Users/letsm/git/ShivaLocalRepo/TestNGWithBDDCucumberFramework-master/src/test/resources/features/Login.feature:28)
]]>
    </failure>
  </testcase> <!-- runScenario -->
</testsuite> <!-- Default test -->
